\BOOKMARK [1][-]{section.1}{System Overview}{}% 1
\BOOKMARK [1][-]{section.2}{Context Diagram}{}% 2
\BOOKMARK [1][-]{section.3}{Goals}{}% 3
\BOOKMARK [1][-]{section.4}{Monitored Variables}{}% 4
\BOOKMARK [1][-]{section.5}{Controlled Variables}{}% 5
\BOOKMARK [1][-]{section.6}{Mode Diagram}{}% 6
\BOOKMARK [1][-]{section.7}{E/R-descriptions}{}% 7
\BOOKMARK [2][-]{subsection.7.1}{Requirements Descriptions}{section.7}% 8
\BOOKMARK [2][-]{subsection.7.2}{Environmental Descriptions}{section.7}% 9
\BOOKMARK [1][-]{section.8}{Abstract variables needed for the Function Table}{}% 10
\BOOKMARK [1][-]{section.9}{Function Tables}{}% 11
\BOOKMARK [2][-]{subsection.9.1}{Function Table for Heat Control: c\137hc}{section.9}% 12
\BOOKMARK [2][-]{subsection.9.2}{Function Table for Temperature Display: c\137td}{section.9}% 13
\BOOKMARK [2][-]{subsection.9.3}{Function Table for Mode: c\137md}{section.9}% 14
\BOOKMARK [2][-]{subsection.9.4}{Function Table for Messages: c\137ms}{section.9}% 15
\BOOKMARK [2][-]{subsection.9.5}{Function Table for Alarm: c\137al}{section.9}% 16
\BOOKMARK [1][-]{section.10}{Validation}{}% 17
\BOOKMARK [1][-]{section.11}{Use Cases}{}% 18
\BOOKMARK [1][-]{section.12}{Acceptance Tests}{}% 19
\BOOKMARK [1][-]{section.13}{Traceability}{}% 20
\BOOKMARK [1][-]{section.14}{Glossary}{}% 21
\BOOKMARK [1][-]{appendix.A}{Additional Requirements}{}% 22
\BOOKMARK [1][-]{appendix.B}{Isolette PVS}{}% 23
